<?xml version="1.0" encoding="UTF-8"?>
<testsuite xmlns:xsi="http://www.w3.org/2001/XMLSchema-instance" xsi:noNamespaceSchemaLocation="https://maven.apache.org/surefire/maven-surefire-plugin/xsd/surefire-test-report-3.0.xsd" version="3.0" name="com.example.api.runner.TestRunner" time="2.649" tests="3" errors="0" skipped="0" failures="0">
  <properties>
[...]
</properties>
  <testcase name="Get users list" classname="Sample API automation for users endpoint" time="1.444">
    <system-out><![CDATA[
Scenario: Get users list                                           # src/test/resources/features/sample_api.feature:9
  Given the API base URL is "https://jsonplaceholder.typicode.com" # com.example.api.steps.ApiStepDefinitions.theApiBaseUrlIs(java.lang.String)
  When I send a GET request to "/users"                            # com.example.api.steps.ApiStepDefinitions.iSendAGetRequestTo(java.lang.String)
  Then the response status code should be 200                      # com.example.api.steps.ApiStepDefinitions.theResponseStatusCodeShouldBe(int)
  And the response should contain "name"                           # com.example.api.steps.ApiStepDefinitions.theResponseShouldContain(java.lang.String)
]]></system-out>
  </testcase>
  <testcase name="Get single user by id" classname="Sample API automation for users endpoint" time="0.062">
    <system-out><![CDATA[
Scenario: Get single user by id                                    # src/test/resources/features/sample_api.feature:14
  Given the API base URL is "https://jsonplaceholder.typicode.com" # com.example.api.steps.ApiStepDefinitions.theApiBaseUrlIs(java.lang.String)
  When I send a GET request to "/users/2"                          # com.example.api.steps.ApiStepDefinitions.iSendAGetRequestTo(java.lang.String)
  Then the response status code should be 200                      # com.example.api.steps.ApiStepDefinitions.theResponseStatusCodeShouldBe(int)
  And the response should contain "username"                       # com.example.api.steps.ApiStepDefinitions.theResponseShouldContain(java.lang.String)
]]></system-out>
  </testcase>
  <testcase name="Create new user" classname="Sample API automation for users endpoint" time="0.303">
    <system-out><![CDATA[
Scenario: Create new user                                          # src/test/resources/features/sample_api.feature:19
  Given the API base URL is "https://jsonplaceholder.typicode.com" # com.example.api.steps.ApiStepDefinitions.theApiBaseUrlIs(java.lang.String)
  Given I set request body:                                        # com.example.api.steps.ApiStepDefinitions.iSetRequestBody(java.lang.String)
  When I send a POST request to "/posts"                           # com.example.api.steps.ApiStepDefinitions.iSendAPostRequestTo(java.lang.String)
  Then the response status code should be 201                      # com.example.api.steps.ApiStepDefinitions.theResponseStatusCodeShouldBe(int)
  And the response should contain "id"                             # com.example.api.steps.ApiStepDefinitions.theResponseShouldContain(java.lang.String)
]]></system-out>
  </testcase>
</testsuite>